

Started GET "/" for 127.0.0.1 at 2014-05-29 22:36:25 -0400
Processing by Rails::WelcomeController#index as HTML
  Rendered /home/huffd/.rbenv/versions/2.1.1/lib/ruby/gems/2.1.0/gems/railties-4.1.0/lib/rails/templates/rails/welcome/index.html.erb (5.4ms)
Completed 200 OK in 70ms (Views: 45.6ms | ActiveRecord: 0.0ms)


Started GET "/" for 127.0.0.1 at 2014-05-29 22:36:38 -0400
Processing by Rails::WelcomeController#index as HTML
  Rendered /home/huffd/.rbenv/versions/2.1.1/lib/ruby/gems/2.1.0/gems/railties-4.1.0/lib/rails/templates/rails/welcome/index.html.erb (0.2ms)
Completed 200 OK in 5ms (Views: 3.0ms | ActiveRecord: 0.0ms)


Started GET "/rails/info/properties" for 127.0.0.1 at 2014-05-29 22:36:45 -0400
Processing by Rails::InfoController#properties as HTML
  Rendered /home/huffd/.rbenv/versions/2.1.1/lib/ruby/gems/2.1.0/gems/railties-4.1.0/lib/rails/templates/rails/info/properties.html.erb (0.7ms)
Completed 200 OK in 150ms (Views: 11.5ms | ActiveRecord: 1.9ms)


Started GET "/" for 127.0.0.1 at 2014-05-29 22:48:10 -0400
Processing by Rails::WelcomeController#index as HTML
  Rendered /home/huffd/.rbenv/versions/2.1.1/lib/ruby/gems/2.1.0/gems/railties-4.1.0/lib/rails/templates/rails/welcome/index.html.erb (2.5ms)
Completed 200 OK in 33ms (Views: 9.6ms | ActiveRecord: 0.0ms)


Started GET "/" for 127.0.0.1 at 2014-05-29 22:49:45 -0400
Processing by Rails::WelcomeController#index as HTML
  Rendered /home/huffd/.rbenv/versions/2.1.1/lib/ruby/gems/2.1.0/gems/railties-4.1.0/lib/rails/templates/rails/welcome/index.html.erb (0.2ms)
Completed 200 OK in 4ms (Views: 3.0ms | ActiveRecord: 0.0ms)


Started GET "/" for 127.0.0.1 at 2014-05-29 22:53:15 -0400
Processing by WelcomeController#index as HTML
  Rendered welcome/index.html.erb within layouts/application (0.5ms)
Completed 200 OK in 1107ms (Views: 1105.9ms | ActiveRecord: 0.0ms)


Started GET "/assets/welcome.css?body=1" for 127.0.0.1 at 2014-05-29 22:53:16 -0400


Started GET "/assets/application.js?body=1" for 127.0.0.1 at 2014-05-29 22:53:16 -0400


Started GET "/assets/jquery.js?body=1" for 127.0.0.1 at 2014-05-29 22:53:16 -0400


Started GET "/assets/application.css?body=1" for 127.0.0.1 at 2014-05-29 22:53:16 -0400


Started GET "/assets/turbolinks.js?body=1" for 127.0.0.1 at 2014-05-29 22:53:16 -0400


Started GET "/assets/welcome.js?body=1" for 127.0.0.1 at 2014-05-29 22:53:16 -0400


Started GET "/assets/jquery_ujs.js?body=1" for 127.0.0.1 at 2014-05-29 22:53:16 -0400


Started GET "/" for 127.0.0.1 at 2014-05-30 08:07:59 -0400
Processing by WelcomeController#index as HTML
  Rendered welcome/index.html.erb within layouts/application (8.0ms)
Completed 200 OK in 914ms (Views: 880.1ms | ActiveRecord: 0.0ms)


Started GET "/assets/welcome.css?body=1" for 127.0.0.1 at 2014-05-30 08:08:01 -0400


Started GET "/assets/turbolinks.js?body=1" for 127.0.0.1 at 2014-05-30 08:08:01 -0400


Started GET "/assets/welcome.js?body=1" for 127.0.0.1 at 2014-05-30 08:08:01 -0400


Started GET "/assets/application.css?body=1" for 127.0.0.1 at 2014-05-30 08:08:01 -0400


Started GET "/assets/application.js?body=1" for 127.0.0.1 at 2014-05-30 08:08:01 -0400


Started GET "/assets/jquery.js?body=1" for 127.0.0.1 at 2014-05-30 08:08:01 -0400


Started GET "/assets/jquery_ujs.js?body=1" for 127.0.0.1 at 2014-05-30 08:08:01 -0400


Started GET "/" for 127.0.0.1 at 2014-05-30 08:28:12 -0400

ActiveRecord::PendingMigrationError (

Migrations are pending. To resolve this issue, run:

	bin/rake db:migrate RAILS_ENV=development

):
  activerecord (4.1.0) lib/active_record/migration.rb:389:in `check_pending!'
  activerecord (4.1.0) lib/active_record/migration.rb:377:in `call'
  actionpack (4.1.0) lib/action_dispatch/middleware/callbacks.rb:29:in `block in call'
  activesupport (4.1.0) lib/active_support/callbacks.rb:82:in `run_callbacks'
  actionpack (4.1.0) lib/action_dispatch/middleware/callbacks.rb:27:in `call'
  actionpack (4.1.0) lib/action_dispatch/middleware/reloader.rb:73:in `call'
  actionpack (4.1.0) lib/action_dispatch/middleware/remote_ip.rb:76:in `call'
  actionpack (4.1.0) lib/action_dispatch/middleware/debug_exceptions.rb:17:in `call'
  actionpack (4.1.0) lib/action_dispatch/middleware/show_exceptions.rb:30:in `call'
  railties (4.1.0) lib/rails/rack/logger.rb:38:in `call_app'
  railties (4.1.0) lib/rails/rack/logger.rb:20:in `block in call'
  activesupport (4.1.0) lib/active_support/tagged_logging.rb:68:in `block in tagged'
  activesupport (4.1.0) lib/active_support/tagged_logging.rb:26:in `tagged'
  activesupport (4.1.0) lib/active_support/tagged_logging.rb:68:in `tagged'
  railties (4.1.0) lib/rails/rack/logger.rb:20:in `call'
  actionpack (4.1.0) lib/action_dispatch/middleware/request_id.rb:21:in `call'
  rack (1.5.2) lib/rack/methodoverride.rb:21:in `call'
  rack (1.5.2) lib/rack/runtime.rb:17:in `call'
  activesupport (4.1.0) lib/active_support/cache/strategy/local_cache_middleware.rb:26:in `call'
  rack (1.5.2) lib/rack/lock.rb:17:in `call'
  actionpack (4.1.0) lib/action_dispatch/middleware/static.rb:64:in `call'
  rack (1.5.2) lib/rack/sendfile.rb:112:in `call'
  railties (4.1.0) lib/rails/engine.rb:514:in `call'
  railties (4.1.0) lib/rails/application.rb:144:in `call'
  rack (1.5.2) lib/rack/lock.rb:17:in `call'
  rack (1.5.2) lib/rack/content_length.rb:14:in `call'
  rack (1.5.2) lib/rack/handler/webrick.rb:60:in `service'
  C:/Users/dhuff/RailsInstaller/Ruby1.9.3/lib/ruby/1.9.1/webrick/httpserver.rb:138:in `service'
  C:/Users/dhuff/RailsInstaller/Ruby1.9.3/lib/ruby/1.9.1/webrick/httpserver.rb:94:in `run'
  C:/Users/dhuff/RailsInstaller/Ruby1.9.3/lib/ruby/1.9.1/webrick/server.rb:191:in `block in start_thread'


  Rendered C:/Users/dhuff/RailsInstaller/Ruby1.9.3/lib/ruby/gems/1.9.1/gems/actionpack-4.1.0/lib/action_dispatch/middleware/templates/rescues/_source.erb (1.0ms)
  Rendered C:/Users/dhuff/RailsInstaller/Ruby1.9.3/lib/ruby/gems/1.9.1/gems/actionpack-4.1.0/lib/action_dispatch/middleware/templates/rescues/_trace.html.erb (2.0ms)
  Rendered C:/Users/dhuff/RailsInstaller/Ruby1.9.3/lib/ruby/gems/1.9.1/gems/actionpack-4.1.0/lib/action_dispatch/middleware/templates/rescues/_request_and_response.html.erb (1.0ms)
  Rendered C:/Users/dhuff/RailsInstaller/Ruby1.9.3/lib/ruby/gems/1.9.1/gems/actionpack-4.1.0/lib/action_dispatch/middleware/templates/rescues/diagnostics.erb within rescues/layout (1834.2ms)
  [1m[36m (343.0ms)[0m  [1mCREATE TABLE "schema_migrations" ("version" varchar(255) NOT NULL) [0m
  [1m[35m (1.0ms)[0m  select sqlite_version(*)
  [1m[36m (358.0ms)[0m  [1mCREATE UNIQUE INDEX "unique_schema_migrations" ON "schema_migrations" ("version")[0m
  [1m[35mActiveRecord::SchemaMigration Load (1.0ms)[0m  SELECT "schema_migrations".* FROM "schema_migrations"
Migrating to CreateArticles (20140530122314)
  [1m[36m (0.0ms)[0m  [1mbegin transaction[0m
  [1m[35m (2.0ms)[0m  CREATE TABLE "articles" ("id" INTEGER PRIMARY KEY AUTOINCREMENT NOT NULL, "created_at" datetime, "updated_at" datetime) 
  [1m[36mSQL (0.0ms)[0m  [1mINSERT INTO "schema_migrations" ("version") VALUES (?)[0m  [["version", "20140530122314"]]
  [1m[35m (209.0ms)[0m  commit transaction
  [1m[36mActiveRecord::SchemaMigration Load (1.0ms)[0m  [1mSELECT "schema_migrations".* FROM "schema_migrations"[0m


Started GET "/" for 127.0.0.1 at 2014-05-30 08:29:52 -0400
  [1m[36mActiveRecord::SchemaMigration Load (0.0ms)[0m  [1mSELECT "schema_migrations".* FROM "schema_migrations"[0m
Processing by WelcomeController#index as HTML
  Rendered welcome/index.html.erb within layouts/application (0.0ms)
Completed 200 OK in 325ms (Views: 324.0ms | ActiveRecord: 0.0ms)


Started GET "/assets/articles.css?body=1" for 127.0.0.1 at 2014-05-30 08:29:53 -0400


Started GET "/assets/welcome.css?body=1" for 127.0.0.1 at 2014-05-30 08:29:53 -0400


Started GET "/assets/articles.js?body=1" for 127.0.0.1 at 2014-05-30 08:29:53 -0400


Started GET "/assets/application.css?body=1" for 127.0.0.1 at 2014-05-30 08:29:53 -0400


Started GET "/assets/jquery.js?body=1" for 127.0.0.1 at 2014-05-30 08:29:53 -0400


Started GET "/assets/jquery_ujs.js?body=1" for 127.0.0.1 at 2014-05-30 08:29:53 -0400


Started GET "/assets/turbolinks.js?body=1" for 127.0.0.1 at 2014-05-30 08:29:53 -0400


Started GET "/assets/welcome.js?body=1" for 127.0.0.1 at 2014-05-30 08:29:53 -0400


Started GET "/assets/application.js?body=1" for 127.0.0.1 at 2014-05-30 08:29:53 -0400


Started GET "/" for 127.0.0.1 at 2014-05-30 08:35:10 -0400
Processing by WelcomeController#index as HTML
  Rendered welcome/index.html.erb within layouts/application (0.0ms)
Completed 200 OK in 24ms (Views: 24.0ms | ActiveRecord: 0.0ms)


Started GET "/assets/welcome.css?body=1" for 127.0.0.1 at 2014-05-30 08:35:10 -0400


Started GET "/assets/articles.css?body=1" for 127.0.0.1 at 2014-05-30 08:35:10 -0400


Started GET "/assets/application.css?body=1" for 127.0.0.1 at 2014-05-30 08:35:10 -0400


Started GET "/assets/jquery.js?body=1" for 127.0.0.1 at 2014-05-30 08:35:10 -0400


Started GET "/assets/jquery_ujs.js?body=1" for 127.0.0.1 at 2014-05-30 08:35:10 -0400


Started GET "/assets/turbolinks.js?body=1" for 127.0.0.1 at 2014-05-30 08:35:10 -0400


Started GET "/assets/articles.js?body=1" for 127.0.0.1 at 2014-05-30 08:35:10 -0400


Started GET "/assets/welcome.js?body=1" for 127.0.0.1 at 2014-05-30 08:35:10 -0400


Started GET "/assets/application.js?body=1" for 127.0.0.1 at 2014-05-30 08:35:10 -0400


Started GET "/articles/new" for 127.0.0.1 at 2014-05-30 08:38:46 -0400

AbstractController::ActionNotFound (The action 'new' could not be found for ArticlesController):
  actionpack (4.1.0) lib/abstract_controller/base.rb:131:in `process'
  actionview (4.1.0) lib/action_view/rendering.rb:30:in `process'
  actionpack (4.1.0) lib/action_controller/metal.rb:195:in `dispatch'
  actionpack (4.1.0) lib/action_controller/metal/rack_delegation.rb:13:in `dispatch'
  actionpack (4.1.0) lib/action_controller/metal.rb:231:in `block in action'
  actionpack (4.1.0) lib/action_dispatch/routing/route_set.rb:80:in `call'
  actionpack (4.1.0) lib/action_dispatch/routing/route_set.rb:80:in `dispatch'
  actionpack (4.1.0) lib/action_dispatch/routing/route_set.rb:48:in `call'
  actionpack (4.1.0) lib/action_dispatch/journey/router.rb:71:in `block in call'
  actionpack (4.1.0) lib/action_dispatch/journey/router.rb:59:in `each'
  actionpack (4.1.0) lib/action_dispatch/journey/router.rb:59:in `call'
  actionpack (4.1.0) lib/action_dispatch/routing/route_set.rb:676:in `call'
  rack (1.5.2) lib/rack/etag.rb:23:in `call'
  rack (1.5.2) lib/rack/conditionalget.rb:25:in `call'
  rack (1.5.2) lib/rack/head.rb:11:in `call'
  actionpack (4.1.0) lib/action_dispatch/middleware/params_parser.rb:27:in `call'
  actionpack (4.1.0) lib/action_dispatch/middleware/flash.rb:254:in `call'
  rack (1.5.2) lib/rack/session/abstract/id.rb:225:in `context'
  rack (1.5.2) lib/rack/session/abstract/id.rb:220:in `call'
  actionpack (4.1.0) lib/action_dispatch/middleware/cookies.rb:560:in `call'
  activerecord (4.1.0) lib/active_record/query_cache.rb:36:in `call'
  activerecord (4.1.0) lib/active_record/connection_adapters/abstract/connection_pool.rb:621:in `call'
  activerecord (4.1.0) lib/active_record/migration.rb:380:in `call'
  actionpack (4.1.0) lib/action_dispatch/middleware/callbacks.rb:29:in `block in call'
  activesupport (4.1.0) lib/active_support/callbacks.rb:82:in `run_callbacks'
  actionpack (4.1.0) lib/action_dispatch/middleware/callbacks.rb:27:in `call'
  actionpack (4.1.0) lib/action_dispatch/middleware/reloader.rb:73:in `call'
  actionpack (4.1.0) lib/action_dispatch/middleware/remote_ip.rb:76:in `call'
  actionpack (4.1.0) lib/action_dispatch/middleware/debug_exceptions.rb:17:in `call'
  actionpack (4.1.0) lib/action_dispatch/middleware/show_exceptions.rb:30:in `call'
  railties (4.1.0) lib/rails/rack/logger.rb:38:in `call_app'
  railties (4.1.0) lib/rails/rack/logger.rb:20:in `block in call'
  activesupport (4.1.0) lib/active_support/tagged_logging.rb:68:in `block in tagged'
  activesupport (4.1.0) lib/active_support/tagged_logging.rb:26:in `tagged'
  activesupport (4.1.0) lib/active_support/tagged_logging.rb:68:in `tagged'
  railties (4.1.0) lib/rails/rack/logger.rb:20:in `call'
  actionpack (4.1.0) lib/action_dispatch/middleware/request_id.rb:21:in `call'
  rack (1.5.2) lib/rack/methodoverride.rb:21:in `call'
  rack (1.5.2) lib/rack/runtime.rb:17:in `call'
  activesupport (4.1.0) lib/active_support/cache/strategy/local_cache_middleware.rb:26:in `call'
  rack (1.5.2) lib/rack/lock.rb:17:in `call'
  actionpack (4.1.0) lib/action_dispatch/middleware/static.rb:64:in `call'
  rack (1.5.2) lib/rack/sendfile.rb:112:in `call'
  railties (4.1.0) lib/rails/engine.rb:514:in `call'
  railties (4.1.0) lib/rails/application.rb:144:in `call'
  rack (1.5.2) lib/rack/lock.rb:17:in `call'
  rack (1.5.2) lib/rack/content_length.rb:14:in `call'
  rack (1.5.2) lib/rack/handler/webrick.rb:60:in `service'
  C:/Users/dhuff/RailsInstaller/Ruby1.9.3/lib/ruby/1.9.1/webrick/httpserver.rb:138:in `service'
  C:/Users/dhuff/RailsInstaller/Ruby1.9.3/lib/ruby/1.9.1/webrick/httpserver.rb:94:in `run'
  C:/Users/dhuff/RailsInstaller/Ruby1.9.3/lib/ruby/1.9.1/webrick/server.rb:191:in `block in start_thread'


  Rendered C:/Users/dhuff/RailsInstaller/Ruby1.9.3/lib/ruby/gems/1.9.1/gems/actionpack-4.1.0/lib/action_dispatch/middleware/templates/rescues/unknown_action.html.erb within rescues/layout (1.0ms)


Started GET "/articles/" for 127.0.0.1 at 2014-05-30 08:39:51 -0400

AbstractController::ActionNotFound (The action 'index' could not be found for ArticlesController):
  actionpack (4.1.0) lib/abstract_controller/base.rb:131:in `process'
  actionview (4.1.0) lib/action_view/rendering.rb:30:in `process'
  actionpack (4.1.0) lib/action_controller/metal.rb:195:in `dispatch'
  actionpack (4.1.0) lib/action_controller/metal/rack_delegation.rb:13:in `dispatch'
  actionpack (4.1.0) lib/action_controller/metal.rb:231:in `block in action'
  actionpack (4.1.0) lib/action_dispatch/routing/route_set.rb:80:in `call'
  actionpack (4.1.0) lib/action_dispatch/routing/route_set.rb:80:in `dispatch'
  actionpack (4.1.0) lib/action_dispatch/routing/route_set.rb:48:in `call'
  actionpack (4.1.0) lib/action_dispatch/journey/router.rb:71:in `block in call'
  actionpack (4.1.0) lib/action_dispatch/journey/router.rb:59:in `each'
  actionpack (4.1.0) lib/action_dispatch/journey/router.rb:59:in `call'
  actionpack (4.1.0) lib/action_dispatch/routing/route_set.rb:676:in `call'
  rack (1.5.2) lib/rack/etag.rb:23:in `call'
  rack (1.5.2) lib/rack/conditionalget.rb:25:in `call'
  rack (1.5.2) lib/rack/head.rb:11:in `call'
  actionpack (4.1.0) lib/action_dispatch/middleware/params_parser.rb:27:in `call'
  actionpack (4.1.0) lib/action_dispatch/middleware/flash.rb:254:in `call'
  rack (1.5.2) lib/rack/session/abstract/id.rb:225:in `context'
  rack (1.5.2) lib/rack/session/abstract/id.rb:220:in `call'
  actionpack (4.1.0) lib/action_dispatch/middleware/cookies.rb:560:in `call'
  activerecord (4.1.0) lib/active_record/query_cache.rb:36:in `call'
  activerecord (4.1.0) lib/active_record/connection_adapters/abstract/connection_pool.rb:621:in `call'
  activerecord (4.1.0) lib/active_record/migration.rb:380:in `call'
  actionpack (4.1.0) lib/action_dispatch/middleware/callbacks.rb:29:in `block in call'
  activesupport (4.1.0) lib/active_support/callbacks.rb:82:in `run_callbacks'
  actionpack (4.1.0) lib/action_dispatch/middleware/callbacks.rb:27:in `call'
  actionpack (4.1.0) lib/action_dispatch/middleware/reloader.rb:73:in `call'
  actionpack (4.1.0) lib/action_dispatch/middleware/remote_ip.rb:76:in `call'
  actionpack (4.1.0) lib/action_dispatch/middleware/debug_exceptions.rb:17:in `call'
  actionpack (4.1.0) lib/action_dispatch/middleware/show_exceptions.rb:30:in `call'
  railties (4.1.0) lib/rails/rack/logger.rb:38:in `call_app'
  railties (4.1.0) lib/rails/rack/logger.rb:20:in `block in call'
  activesupport (4.1.0) lib/active_support/tagged_logging.rb:68:in `block in tagged'
  activesupport (4.1.0) lib/active_support/tagged_logging.rb:26:in `tagged'
  activesupport (4.1.0) lib/active_support/tagged_logging.rb:68:in `tagged'
  railties (4.1.0) lib/rails/rack/logger.rb:20:in `call'
  actionpack (4.1.0) lib/action_dispatch/middleware/request_id.rb:21:in `call'
  rack (1.5.2) lib/rack/methodoverride.rb:21:in `call'
  rack (1.5.2) lib/rack/runtime.rb:17:in `call'
  activesupport (4.1.0) lib/active_support/cache/strategy/local_cache_middleware.rb:26:in `call'
  rack (1.5.2) lib/rack/lock.rb:17:in `call'
  actionpack (4.1.0) lib/action_dispatch/middleware/static.rb:64:in `call'
  rack (1.5.2) lib/rack/sendfile.rb:112:in `call'
  railties (4.1.0) lib/rails/engine.rb:514:in `call'
  railties (4.1.0) lib/rails/application.rb:144:in `call'
  rack (1.5.2) lib/rack/lock.rb:17:in `call'
  rack (1.5.2) lib/rack/content_length.rb:14:in `call'
  rack (1.5.2) lib/rack/handler/webrick.rb:60:in `service'
  C:/Users/dhuff/RailsInstaller/Ruby1.9.3/lib/ruby/1.9.1/webrick/httpserver.rb:138:in `service'
  C:/Users/dhuff/RailsInstaller/Ruby1.9.3/lib/ruby/1.9.1/webrick/httpserver.rb:94:in `run'
  C:/Users/dhuff/RailsInstaller/Ruby1.9.3/lib/ruby/1.9.1/webrick/server.rb:191:in `block in start_thread'


  Rendered C:/Users/dhuff/RailsInstaller/Ruby1.9.3/lib/ruby/gems/1.9.1/gems/actionpack-4.1.0/lib/action_dispatch/middleware/templates/rescues/unknown_action.html.erb within rescues/layout (0.0ms)


Started GET "/articles/new" for 127.0.0.1 at 2014-05-30 08:40:14 -0400

AbstractController::ActionNotFound (The action 'new' could not be found for ArticlesController):
  actionpack (4.1.0) lib/abstract_controller/base.rb:131:in `process'
  actionview (4.1.0) lib/action_view/rendering.rb:30:in `process'
  actionpack (4.1.0) lib/action_controller/metal.rb:195:in `dispatch'
  actionpack (4.1.0) lib/action_controller/metal/rack_delegation.rb:13:in `dispatch'
  actionpack (4.1.0) lib/action_controller/metal.rb:231:in `block in action'
  actionpack (4.1.0) lib/action_dispatch/routing/route_set.rb:80:in `call'
  actionpack (4.1.0) lib/action_dispatch/routing/route_set.rb:80:in `dispatch'
  actionpack (4.1.0) lib/action_dispatch/routing/route_set.rb:48:in `call'
  actionpack (4.1.0) lib/action_dispatch/journey/router.rb:71:in `block in call'
  actionpack (4.1.0) lib/action_dispatch/journey/router.rb:59:in `each'
  actionpack (4.1.0) lib/action_dispatch/journey/router.rb:59:in `call'
  actionpack (4.1.0) lib/action_dispatch/routing/route_set.rb:676:in `call'
  rack (1.5.2) lib/rack/etag.rb:23:in `call'
  rack (1.5.2) lib/rack/conditionalget.rb:25:in `call'
  rack (1.5.2) lib/rack/head.rb:11:in `call'
  actionpack (4.1.0) lib/action_dispatch/middleware/params_parser.rb:27:in `call'
  actionpack (4.1.0) lib/action_dispatch/middleware/flash.rb:254:in `call'
  rack (1.5.2) lib/rack/session/abstract/id.rb:225:in `context'
  rack (1.5.2) lib/rack/session/abstract/id.rb:220:in `call'
  actionpack (4.1.0) lib/action_dispatch/middleware/cookies.rb:560:in `call'
  activerecord (4.1.0) lib/active_record/query_cache.rb:36:in `call'
  activerecord (4.1.0) lib/active_record/connection_adapters/abstract/connection_pool.rb:621:in `call'
  activerecord (4.1.0) lib/active_record/migration.rb:380:in `call'
  actionpack (4.1.0) lib/action_dispatch/middleware/callbacks.rb:29:in `block in call'
  activesupport (4.1.0) lib/active_support/callbacks.rb:82:in `run_callbacks'
  actionpack (4.1.0) lib/action_dispatch/middleware/callbacks.rb:27:in `call'
  actionpack (4.1.0) lib/action_dispatch/middleware/reloader.rb:73:in `call'
  actionpack (4.1.0) lib/action_dispatch/middleware/remote_ip.rb:76:in `call'
  actionpack (4.1.0) lib/action_dispatch/middleware/debug_exceptions.rb:17:in `call'
  actionpack (4.1.0) lib/action_dispatch/middleware/show_exceptions.rb:30:in `call'
  railties (4.1.0) lib/rails/rack/logger.rb:38:in `call_app'
  railties (4.1.0) lib/rails/rack/logger.rb:20:in `block in call'
  activesupport (4.1.0) lib/active_support/tagged_logging.rb:68:in `block in tagged'
  activesupport (4.1.0) lib/active_support/tagged_logging.rb:26:in `tagged'
  activesupport (4.1.0) lib/active_support/tagged_logging.rb:68:in `tagged'
  railties (4.1.0) lib/rails/rack/logger.rb:20:in `call'
  actionpack (4.1.0) lib/action_dispatch/middleware/request_id.rb:21:in `call'
  rack (1.5.2) lib/rack/methodoverride.rb:21:in `call'
  rack (1.5.2) lib/rack/runtime.rb:17:in `call'
  activesupport (4.1.0) lib/active_support/cache/strategy/local_cache_middleware.rb:26:in `call'
  rack (1.5.2) lib/rack/lock.rb:17:in `call'
  actionpack (4.1.0) lib/action_dispatch/middleware/static.rb:64:in `call'
  rack (1.5.2) lib/rack/sendfile.rb:112:in `call'
  railties (4.1.0) lib/rails/engine.rb:514:in `call'
  railties (4.1.0) lib/rails/application.rb:144:in `call'
  rack (1.5.2) lib/rack/lock.rb:17:in `call'
  rack (1.5.2) lib/rack/content_length.rb:14:in `call'
  rack (1.5.2) lib/rack/handler/webrick.rb:60:in `service'
  C:/Users/dhuff/RailsInstaller/Ruby1.9.3/lib/ruby/1.9.1/webrick/httpserver.rb:138:in `service'
  C:/Users/dhuff/RailsInstaller/Ruby1.9.3/lib/ruby/1.9.1/webrick/httpserver.rb:94:in `run'
  C:/Users/dhuff/RailsInstaller/Ruby1.9.3/lib/ruby/1.9.1/webrick/server.rb:191:in `block in start_thread'


  Rendered C:/Users/dhuff/RailsInstaller/Ruby1.9.3/lib/ruby/gems/1.9.1/gems/actionpack-4.1.0/lib/action_dispatch/middleware/templates/rescues/unknown_action.html.erb within rescues/layout (0.0ms)


Started GET "/articles/new" for 127.0.0.1 at 2014-05-30 11:23:05 -0400

AbstractController::ActionNotFound (The action 'new' could not be found for ArticlesController):
  actionpack (4.1.0) lib/abstract_controller/base.rb:131:in `process'
  actionview (4.1.0) lib/action_view/rendering.rb:30:in `process'
  actionpack (4.1.0) lib/action_controller/metal.rb:195:in `dispatch'
  actionpack (4.1.0) lib/action_controller/metal/rack_delegation.rb:13:in `dispatch'
  actionpack (4.1.0) lib/action_controller/metal.rb:231:in `block in action'
  actionpack (4.1.0) lib/action_dispatch/routing/route_set.rb:80:in `call'
  actionpack (4.1.0) lib/action_dispatch/routing/route_set.rb:80:in `dispatch'
  actionpack (4.1.0) lib/action_dispatch/routing/route_set.rb:48:in `call'
  actionpack (4.1.0) lib/action_dispatch/journey/router.rb:71:in `block in call'
  actionpack (4.1.0) lib/action_dispatch/journey/router.rb:59:in `each'
  actionpack (4.1.0) lib/action_dispatch/journey/router.rb:59:in `call'
  actionpack (4.1.0) lib/action_dispatch/routing/route_set.rb:676:in `call'
  rack (1.5.2) lib/rack/etag.rb:23:in `call'
  rack (1.5.2) lib/rack/conditionalget.rb:25:in `call'
  rack (1.5.2) lib/rack/head.rb:11:in `call'
  actionpack (4.1.0) lib/action_dispatch/middleware/params_parser.rb:27:in `call'
  actionpack (4.1.0) lib/action_dispatch/middleware/flash.rb:254:in `call'
  rack (1.5.2) lib/rack/session/abstract/id.rb:225:in `context'
  rack (1.5.2) lib/rack/session/abstract/id.rb:220:in `call'
  actionpack (4.1.0) lib/action_dispatch/middleware/cookies.rb:560:in `call'
  activerecord (4.1.0) lib/active_record/query_cache.rb:36:in `call'
  activerecord (4.1.0) lib/active_record/connection_adapters/abstract/connection_pool.rb:621:in `call'
  activerecord (4.1.0) lib/active_record/migration.rb:380:in `call'
  actionpack (4.1.0) lib/action_dispatch/middleware/callbacks.rb:29:in `block in call'
  activesupport (4.1.0) lib/active_support/callbacks.rb:82:in `run_callbacks'
  actionpack (4.1.0) lib/action_dispatch/middleware/callbacks.rb:27:in `call'
  actionpack (4.1.0) lib/action_dispatch/middleware/reloader.rb:73:in `call'
  actionpack (4.1.0) lib/action_dispatch/middleware/remote_ip.rb:76:in `call'
  actionpack (4.1.0) lib/action_dispatch/middleware/debug_exceptions.rb:17:in `call'
  actionpack (4.1.0) lib/action_dispatch/middleware/show_exceptions.rb:30:in `call'
  railties (4.1.0) lib/rails/rack/logger.rb:38:in `call_app'
  railties (4.1.0) lib/rails/rack/logger.rb:20:in `block in call'
  activesupport (4.1.0) lib/active_support/tagged_logging.rb:68:in `block in tagged'
  activesupport (4.1.0) lib/active_support/tagged_logging.rb:26:in `tagged'
  activesupport (4.1.0) lib/active_support/tagged_logging.rb:68:in `tagged'
  railties (4.1.0) lib/rails/rack/logger.rb:20:in `call'
  actionpack (4.1.0) lib/action_dispatch/middleware/request_id.rb:21:in `call'
  rack (1.5.2) lib/rack/methodoverride.rb:21:in `call'
  rack (1.5.2) lib/rack/runtime.rb:17:in `call'
  activesupport (4.1.0) lib/active_support/cache/strategy/local_cache_middleware.rb:26:in `call'
  rack (1.5.2) lib/rack/lock.rb:17:in `call'
  actionpack (4.1.0) lib/action_dispatch/middleware/static.rb:64:in `call'
  rack (1.5.2) lib/rack/sendfile.rb:112:in `call'
  railties (4.1.0) lib/rails/engine.rb:514:in `call'
  railties (4.1.0) lib/rails/application.rb:144:in `call'
  rack (1.5.2) lib/rack/lock.rb:17:in `call'
  rack (1.5.2) lib/rack/content_length.rb:14:in `call'
  rack (1.5.2) lib/rack/handler/webrick.rb:60:in `service'
  C:/Users/dhuff/RailsInstaller/Ruby1.9.3/lib/ruby/1.9.1/webrick/httpserver.rb:138:in `service'
  C:/Users/dhuff/RailsInstaller/Ruby1.9.3/lib/ruby/1.9.1/webrick/httpserver.rb:94:in `run'
  C:/Users/dhuff/RailsInstaller/Ruby1.9.3/lib/ruby/1.9.1/webrick/server.rb:191:in `block in start_thread'


  Rendered C:/Users/dhuff/RailsInstaller/Ruby1.9.3/lib/ruby/gems/1.9.1/gems/actionpack-4.1.0/lib/action_dispatch/middleware/templates/rescues/unknown_action.html.erb within rescues/layout (1.0ms)


Started GET "/articles/new" for 127.0.0.1 at 2014-05-30 11:24:53 -0400

AbstractController::ActionNotFound (The action 'new' could not be found for ArticlesController):
  actionpack (4.1.0) lib/abstract_controller/base.rb:131:in `process'
  actionview (4.1.0) lib/action_view/rendering.rb:30:in `process'
  actionpack (4.1.0) lib/action_controller/metal.rb:195:in `dispatch'
  actionpack (4.1.0) lib/action_controller/metal/rack_delegation.rb:13:in `dispatch'
  actionpack (4.1.0) lib/action_controller/metal.rb:231:in `block in action'
  actionpack (4.1.0) lib/action_dispatch/routing/route_set.rb:80:in `call'
  actionpack (4.1.0) lib/action_dispatch/routing/route_set.rb:80:in `dispatch'
  actionpack (4.1.0) lib/action_dispatch/routing/route_set.rb:48:in `call'
  actionpack (4.1.0) lib/action_dispatch/journey/router.rb:71:in `block in call'
  actionpack (4.1.0) lib/action_dispatch/journey/router.rb:59:in `each'
  actionpack (4.1.0) lib/action_dispatch/journey/router.rb:59:in `call'
  actionpack (4.1.0) lib/action_dispatch/routing/route_set.rb:676:in `call'
  rack (1.5.2) lib/rack/etag.rb:23:in `call'
  rack (1.5.2) lib/rack/conditionalget.rb:25:in `call'
  rack (1.5.2) lib/rack/head.rb:11:in `call'
  actionpack (4.1.0) lib/action_dispatch/middleware/params_parser.rb:27:in `call'
  actionpack (4.1.0) lib/action_dispatch/middleware/flash.rb:254:in `call'
  rack (1.5.2) lib/rack/session/abstract/id.rb:225:in `context'
  rack (1.5.2) lib/rack/session/abstract/id.rb:220:in `call'
  actionpack (4.1.0) lib/action_dispatch/middleware/cookies.rb:560:in `call'
  activerecord (4.1.0) lib/active_record/query_cache.rb:36:in `call'
  activerecord (4.1.0) lib/active_record/connection_adapters/abstract/connection_pool.rb:621:in `call'
  activerecord (4.1.0) lib/active_record/migration.rb:380:in `call'
  actionpack (4.1.0) lib/action_dispatch/middleware/callbacks.rb:29:in `block in call'
  activesupport (4.1.0) lib/active_support/callbacks.rb:82:in `run_callbacks'
  actionpack (4.1.0) lib/action_dispatch/middleware/callbacks.rb:27:in `call'
  actionpack (4.1.0) lib/action_dispatch/middleware/reloader.rb:73:in `call'
  actionpack (4.1.0) lib/action_dispatch/middleware/remote_ip.rb:76:in `call'
  actionpack (4.1.0) lib/action_dispatch/middleware/debug_exceptions.rb:17:in `call'
  actionpack (4.1.0) lib/action_dispatch/middleware/show_exceptions.rb:30:in `call'
  railties (4.1.0) lib/rails/rack/logger.rb:38:in `call_app'
  railties (4.1.0) lib/rails/rack/logger.rb:20:in `block in call'
  activesupport (4.1.0) lib/active_support/tagged_logging.rb:68:in `block in tagged'
  activesupport (4.1.0) lib/active_support/tagged_logging.rb:26:in `tagged'
  activesupport (4.1.0) lib/active_support/tagged_logging.rb:68:in `tagged'
  railties (4.1.0) lib/rails/rack/logger.rb:20:in `call'
  actionpack (4.1.0) lib/action_dispatch/middleware/request_id.rb:21:in `call'
  rack (1.5.2) lib/rack/methodoverride.rb:21:in `call'
  rack (1.5.2) lib/rack/runtime.rb:17:in `call'
  activesupport (4.1.0) lib/active_support/cache/strategy/local_cache_middleware.rb:26:in `call'
  rack (1.5.2) lib/rack/lock.rb:17:in `call'
  actionpack (4.1.0) lib/action_dispatch/middleware/static.rb:64:in `call'
  rack (1.5.2) lib/rack/sendfile.rb:112:in `call'
  railties (4.1.0) lib/rails/engine.rb:514:in `call'
  railties (4.1.0) lib/rails/application.rb:144:in `call'
  rack (1.5.2) lib/rack/lock.rb:17:in `call'
  rack (1.5.2) lib/rack/content_length.rb:14:in `call'
  rack (1.5.2) lib/rack/handler/webrick.rb:60:in `service'
  C:/Users/dhuff/RailsInstaller/Ruby1.9.3/lib/ruby/1.9.1/webrick/httpserver.rb:138:in `service'
  C:/Users/dhuff/RailsInstaller/Ruby1.9.3/lib/ruby/1.9.1/webrick/httpserver.rb:94:in `run'
  C:/Users/dhuff/RailsInstaller/Ruby1.9.3/lib/ruby/1.9.1/webrick/server.rb:191:in `block in start_thread'


  Rendered C:/Users/dhuff/RailsInstaller/Ruby1.9.3/lib/ruby/gems/1.9.1/gems/actionpack-4.1.0/lib/action_dispatch/middleware/templates/rescues/unknown_action.html.erb within rescues/layout (0.0ms)


Started GET "/articles/" for 127.0.0.1 at 2014-05-30 11:25:00 -0400

AbstractController::ActionNotFound (The action 'index' could not be found for ArticlesController):
  actionpack (4.1.0) lib/abstract_controller/base.rb:131:in `process'
  actionview (4.1.0) lib/action_view/rendering.rb:30:in `process'
  actionpack (4.1.0) lib/action_controller/metal.rb:195:in `dispatch'
  actionpack (4.1.0) lib/action_controller/metal/rack_delegation.rb:13:in `dispatch'
  actionpack (4.1.0) lib/action_controller/metal.rb:231:in `block in action'
  actionpack (4.1.0) lib/action_dispatch/routing/route_set.rb:80:in `call'
  actionpack (4.1.0) lib/action_dispatch/routing/route_set.rb:80:in `dispatch'
  actionpack (4.1.0) lib/action_dispatch/routing/route_set.rb:48:in `call'
  actionpack (4.1.0) lib/action_dispatch/journey/router.rb:71:in `block in call'
  actionpack (4.1.0) lib/action_dispatch/journey/router.rb:59:in `each'
  actionpack (4.1.0) lib/action_dispatch/journey/router.rb:59:in `call'
  actionpack (4.1.0) lib/action_dispatch/routing/route_set.rb:676:in `call'
  rack (1.5.2) lib/rack/etag.rb:23:in `call'
  rack (1.5.2) lib/rack/conditionalget.rb:25:in `call'
  rack (1.5.2) lib/rack/head.rb:11:in `call'
  actionpack (4.1.0) lib/action_dispatch/middleware/params_parser.rb:27:in `call'
  actionpack (4.1.0) lib/action_dispatch/middleware/flash.rb:254:in `call'
  rack (1.5.2) lib/rack/session/abstract/id.rb:225:in `context'
  rack (1.5.2) lib/rack/session/abstract/id.rb:220:in `call'
  actionpack (4.1.0) lib/action_dispatch/middleware/cookies.rb:560:in `call'
  activerecord (4.1.0) lib/active_record/query_cache.rb:36:in `call'
  activerecord (4.1.0) lib/active_record/connection_adapters/abstract/connection_pool.rb:621:in `call'
  activerecord (4.1.0) lib/active_record/migration.rb:380:in `call'
  actionpack (4.1.0) lib/action_dispatch/middleware/callbacks.rb:29:in `block in call'
  activesupport (4.1.0) lib/active_support/callbacks.rb:82:in `run_callbacks'
  actionpack (4.1.0) lib/action_dispatch/middleware/callbacks.rb:27:in `call'
  actionpack (4.1.0) lib/action_dispatch/middleware/reloader.rb:73:in `call'
  actionpack (4.1.0) lib/action_dispatch/middleware/remote_ip.rb:76:in `call'
  actionpack (4.1.0) lib/action_dispatch/middleware/debug_exceptions.rb:17:in `call'
  actionpack (4.1.0) lib/action_dispatch/middleware/show_exceptions.rb:30:in `call'
  railties (4.1.0) lib/rails/rack/logger.rb:38:in `call_app'
  railties (4.1.0) lib/rails/rack/logger.rb:20:in `block in call'
  activesupport (4.1.0) lib/active_support/tagged_logging.rb:68:in `block in tagged'
  activesupport (4.1.0) lib/active_support/tagged_logging.rb:26:in `tagged'
  activesupport (4.1.0) lib/active_support/tagged_logging.rb:68:in `tagged'
  railties (4.1.0) lib/rails/rack/logger.rb:20:in `call'
  actionpack (4.1.0) lib/action_dispatch/middleware/request_id.rb:21:in `call'
  rack (1.5.2) lib/rack/methodoverride.rb:21:in `call'
  rack (1.5.2) lib/rack/runtime.rb:17:in `call'
  activesupport (4.1.0) lib/active_support/cache/strategy/local_cache_middleware.rb:26:in `call'
  rack (1.5.2) lib/rack/lock.rb:17:in `call'
  actionpack (4.1.0) lib/action_dispatch/middleware/static.rb:64:in `call'
  rack (1.5.2) lib/rack/sendfile.rb:112:in `call'
  railties (4.1.0) lib/rails/engine.rb:514:in `call'
  railties (4.1.0) lib/rails/application.rb:144:in `call'
  rack (1.5.2) lib/rack/lock.rb:17:in `call'
  rack (1.5.2) lib/rack/content_length.rb:14:in `call'
  rack (1.5.2) lib/rack/handler/webrick.rb:60:in `service'
  C:/Users/dhuff/RailsInstaller/Ruby1.9.3/lib/ruby/1.9.1/webrick/httpserver.rb:138:in `service'
  C:/Users/dhuff/RailsInstaller/Ruby1.9.3/lib/ruby/1.9.1/webrick/httpserver.rb:94:in `run'
  C:/Users/dhuff/RailsInstaller/Ruby1.9.3/lib/ruby/1.9.1/webrick/server.rb:191:in `block in start_thread'


  Rendered C:/Users/dhuff/RailsInstaller/Ruby1.9.3/lib/ruby/gems/1.9.1/gems/actionpack-4.1.0/lib/action_dispatch/middleware/templates/rescues/unknown_action.html.erb within rescues/layout (1.0ms)


Started GET "/articles/new" for 127.0.0.1 at 2014-05-30 11:25:11 -0400

AbstractController::ActionNotFound (The action 'new' could not be found for ArticlesController):
  actionpack (4.1.0) lib/abstract_controller/base.rb:131:in `process'
  actionview (4.1.0) lib/action_view/rendering.rb:30:in `process'
  actionpack (4.1.0) lib/action_controller/metal.rb:195:in `dispatch'
  actionpack (4.1.0) lib/action_controller/metal/rack_delegation.rb:13:in `dispatch'
  actionpack (4.1.0) lib/action_controller/metal.rb:231:in `block in action'
  actionpack (4.1.0) lib/action_dispatch/routing/route_set.rb:80:in `call'
  actionpack (4.1.0) lib/action_dispatch/routing/route_set.rb:80:in `dispatch'
  actionpack (4.1.0) lib/action_dispatch/routing/route_set.rb:48:in `call'
  actionpack (4.1.0) lib/action_dispatch/journey/router.rb:71:in `block in call'
  actionpack (4.1.0) lib/action_dispatch/journey/router.rb:59:in `each'
  actionpack (4.1.0) lib/action_dispatch/journey/router.rb:59:in `call'
  actionpack (4.1.0) lib/action_dispatch/routing/route_set.rb:676:in `call'
  rack (1.5.2) lib/rack/etag.rb:23:in `call'
  rack (1.5.2) lib/rack/conditionalget.rb:25:in `call'
  rack (1.5.2) lib/rack/head.rb:11:in `call'
  actionpack (4.1.0) lib/action_dispatch/middleware/params_parser.rb:27:in `call'
  actionpack (4.1.0) lib/action_dispatch/middleware/flash.rb:254:in `call'
  rack (1.5.2) lib/rack/session/abstract/id.rb:225:in `context'
  rack (1.5.2) lib/rack/session/abstract/id.rb:220:in `call'
  actionpack (4.1.0) lib/action_dispatch/middleware/cookies.rb:560:in `call'
  activerecord (4.1.0) lib/active_record/query_cache.rb:36:in `call'
  activerecord (4.1.0) lib/active_record/connection_adapters/abstract/connection_pool.rb:621:in `call'
  activerecord (4.1.0) lib/active_record/migration.rb:380:in `call'
  actionpack (4.1.0) lib/action_dispatch/middleware/callbacks.rb:29:in `block in call'
  activesupport (4.1.0) lib/active_support/callbacks.rb:82:in `run_callbacks'
  actionpack (4.1.0) lib/action_dispatch/middleware/callbacks.rb:27:in `call'
  actionpack (4.1.0) lib/action_dispatch/middleware/reloader.rb:73:in `call'
  actionpack (4.1.0) lib/action_dispatch/middleware/remote_ip.rb:76:in `call'
  actionpack (4.1.0) lib/action_dispatch/middleware/debug_exceptions.rb:17:in `call'
  actionpack (4.1.0) lib/action_dispatch/middleware/show_exceptions.rb:30:in `call'
  railties (4.1.0) lib/rails/rack/logger.rb:38:in `call_app'
  railties (4.1.0) lib/rails/rack/logger.rb:20:in `block in call'
  activesupport (4.1.0) lib/active_support/tagged_logging.rb:68:in `block in tagged'
  activesupport (4.1.0) lib/active_support/tagged_logging.rb:26:in `tagged'
  activesupport (4.1.0) lib/active_support/tagged_logging.rb:68:in `tagged'
  railties (4.1.0) lib/rails/rack/logger.rb:20:in `call'
  actionpack (4.1.0) lib/action_dispatch/middleware/request_id.rb:21:in `call'
  rack (1.5.2) lib/rack/methodoverride.rb:21:in `call'
  rack (1.5.2) lib/rack/runtime.rb:17:in `call'
  activesupport (4.1.0) lib/active_support/cache/strategy/local_cache_middleware.rb:26:in `call'
  rack (1.5.2) lib/rack/lock.rb:17:in `call'
  actionpack (4.1.0) lib/action_dispatch/middleware/static.rb:64:in `call'
  rack (1.5.2) lib/rack/sendfile.rb:112:in `call'
  railties (4.1.0) lib/rails/engine.rb:514:in `call'
  railties (4.1.0) lib/rails/application.rb:144:in `call'
  rack (1.5.2) lib/rack/lock.rb:17:in `call'
  rack (1.5.2) lib/rack/content_length.rb:14:in `call'
  rack (1.5.2) lib/rack/handler/webrick.rb:60:in `service'
  C:/Users/dhuff/RailsInstaller/Ruby1.9.3/lib/ruby/1.9.1/webrick/httpserver.rb:138:in `service'
  C:/Users/dhuff/RailsInstaller/Ruby1.9.3/lib/ruby/1.9.1/webrick/httpserver.rb:94:in `run'
  C:/Users/dhuff/RailsInstaller/Ruby1.9.3/lib/ruby/1.9.1/webrick/server.rb:191:in `block in start_thread'


  Rendered C:/Users/dhuff/RailsInstaller/Ruby1.9.3/lib/ruby/gems/1.9.1/gems/actionpack-4.1.0/lib/action_dispatch/middleware/templates/rescues/unknown_action.html.erb within rescues/layout (0.0ms)


Started GET "/articles/new" for 127.0.0.1 at 2014-05-30 11:28:13 -0400
Processing by ArticlesController#new as HTML
Completed 500 Internal Server Error in 7ms

ActionView::MissingTemplate (Missing template articles/new, application/new with {:locale=>[:en], :formats=>[:html], :variants=>[], :handlers=>[:erb, :builder, :raw, :ruby, :jbuilder, :coffee]}. Searched in:
  * "C:/Sites/tlRoRPrecourseBlog/app/views"
):
  actionview (4.1.0) lib/action_view/path_set.rb:46:in `find'
  actionview (4.1.0) lib/action_view/lookup_context.rb:124:in `find'
  C:in `find_template'
  actionview (4.1.0) lib/action_view/renderer/template_renderer.rb:41:in `determine_template'
  actionview (4.1.0) lib/action_view/renderer/template_renderer.rb:8:in `render'
  actionview (4.1.0) lib/action_view/renderer/renderer.rb:42:in `render_template'
  actionview (4.1.0) lib/action_view/renderer/renderer.rb:23:in `render'
  actionview (4.1.0) lib/action_view/rendering.rb:99:in `_render_template'
  actionpack (4.1.0) lib/action_controller/metal/streaming.rb:217:in `_render_template'
  actionview (4.1.0) lib/action_view/rendering.rb:82:in `render_to_body'
  actionpack (4.1.0) lib/action_controller/metal/rendering.rb:32:in `render_to_body'
  actionpack (4.1.0) lib/action_controller/metal/renderers.rb:32:in `render_to_body'
  actionpack (4.1.0) lib/abstract_controller/rendering.rb:25:in `render'
  actionpack (4.1.0) lib/action_controller/metal/rendering.rb:16:in `render'
  actionpack (4.1.0) lib/action_controller/metal/instrumentation.rb:41:in `block (2 levels) in render'
  activesupport (4.1.0) lib/active_support/core_ext/benchmark.rb:12:in `block in ms'
  C:/Users/dhuff/RailsInstaller/Ruby1.9.3/lib/ruby/1.9.1/benchmark.rb:295:in `realtime'
  activesupport (4.1.0) lib/active_support/core_ext/benchmark.rb:12:in `ms'
  actionpack (4.1.0) lib/action_controller/metal/instrumentation.rb:41:in `block in render'
  actionpack (4.1.0) lib/action_controller/metal/instrumentation.rb:84:in `cleanup_view_runtime'
  activerecord (4.1.0) lib/active_record/railties/controller_runtime.rb:25:in `cleanup_view_runtime'
  actionpack (4.1.0) lib/action_controller/metal/instrumentation.rb:40:in `render'
  actionpack (4.1.0) lib/action_controller/metal/implicit_render.rb:10:in `default_render'
  actionpack (4.1.0) lib/action_controller/metal/implicit_render.rb:5:in `send_action'
  actionpack (4.1.0) lib/abstract_controller/base.rb:189:in `process_action'
  actionpack (4.1.0) lib/action_controller/metal/rendering.rb:10:in `process_action'
  actionpack (4.1.0) lib/abstract_controller/callbacks.rb:20:in `block in process_action'
  activesupport (4.1.0) lib/active_support/callbacks.rb:113:in `call'
  activesupport (4.1.0) lib/active_support/callbacks.rb:113:in `call'
  activesupport (4.1.0) lib/active_support/callbacks.rb:229:in `block in halting'
  activesupport (4.1.0) lib/active_support/callbacks.rb:229:in `call'
  activesupport (4.1.0) lib/active_support/callbacks.rb:229:in `block in halting'
  activesupport (4.1.0) lib/active_support/callbacks.rb:166:in `call'
  activesupport (4.1.0) lib/active_support/callbacks.rb:166:in `block in halting'
  activesupport (4.1.0) lib/active_support/callbacks.rb:166:in `call'
  activesupport (4.1.0) lib/active_support/callbacks.rb:166:in `block in halting'
  activesupport (4.1.0) lib/active_support/callbacks.rb:166:in `call'
  activesupport (4.1.0) lib/active_support/callbacks.rb:166:in `block in halting'
  activesupport (4.1.0) lib/active_support/callbacks.rb:86:in `call'
  activesupport (4.1.0) lib/active_support/callbacks.rb:86:in `run_callbacks'
  actionpack (4.1.0) lib/abstract_controller/callbacks.rb:19:in `process_action'
  actionpack (4.1.0) lib/action_controller/metal/rescue.rb:29:in `process_action'
  actionpack (4.1.0) lib/action_controller/metal/instrumentation.rb:31:in `block in process_action'
  activesupport (4.1.0) lib/active_support/notifications.rb:159:in `block in instrument'
  activesupport (4.1.0) lib/active_support/notifications/instrumenter.rb:20:in `instrument'
  activesupport (4.1.0) lib/active_support/notifications.rb:159:in `instrument'
  actionpack (4.1.0) lib/action_controller/metal/instrumentation.rb:30:in `process_action'
  actionpack (4.1.0) lib/action_controller/metal/params_wrapper.rb:250:in `process_action'
  activerecord (4.1.0) lib/active_record/railties/controller_runtime.rb:18:in `process_action'
  actionpack (4.1.0) lib/abstract_controller/base.rb:136:in `process'
  actionview (4.1.0) lib/action_view/rendering.rb:30:in `process'
  actionpack (4.1.0) lib/action_controller/metal.rb:195:in `dispatch'
  actionpack (4.1.0) lib/action_controller/metal/rack_delegation.rb:13:in `dispatch'
  actionpack (4.1.0) lib/action_controller/metal.rb:231:in `block in action'
  actionpack (4.1.0) lib/action_dispatch/routing/route_set.rb:80:in `call'
  actionpack (4.1.0) lib/action_dispatch/routing/route_set.rb:80:in `dispatch'
  actionpack (4.1.0) lib/action_dispatch/routing/route_set.rb:48:in `call'
  actionpack (4.1.0) lib/action_dispatch/journey/router.rb:71:in `block in call'
  actionpack (4.1.0) lib/action_dispatch/journey/router.rb:59:in `each'
  actionpack (4.1.0) lib/action_dispatch/journey/router.rb:59:in `call'
  actionpack (4.1.0) lib/action_dispatch/routing/route_set.rb:676:in `call'
  rack (1.5.2) lib/rack/etag.rb:23:in `call'
  rack (1.5.2) lib/rack/conditionalget.rb:25:in `call'
  rack (1.5.2) lib/rack/head.rb:11:in `call'
  actionpack (4.1.0) lib/action_dispatch/middleware/params_parser.rb:27:in `call'
  actionpack (4.1.0) lib/action_dispatch/middleware/flash.rb:254:in `call'
  rack (1.5.2) lib/rack/session/abstract/id.rb:225:in `context'
  rack (1.5.2) lib/rack/session/abstract/id.rb:220:in `call'
  actionpack (4.1.0) lib/action_dispatch/middleware/cookies.rb:560:in `call'
  activerecord (4.1.0) lib/active_record/query_cache.rb:36:in `call'
  activerecord (4.1.0) lib/active_record/connection_adapters/abstract/connection_pool.rb:621:in `call'
  activerecord (4.1.0) lib/active_record/migration.rb:380:in `call'
  actionpack (4.1.0) lib/action_dispatch/middleware/callbacks.rb:29:in `block in call'
  activesupport (4.1.0) lib/active_support/callbacks.rb:82:in `run_callbacks'
  actionpack (4.1.0) lib/action_dispatch/middleware/callbacks.rb:27:in `call'
  actionpack (4.1.0) lib/action_dispatch/middleware/reloader.rb:73:in `call'
  actionpack (4.1.0) lib/action_dispatch/middleware/remote_ip.rb:76:in `call'
  actionpack (4.1.0) lib/action_dispatch/middleware/debug_exceptions.rb:17:in `call'
  actionpack (4.1.0) lib/action_dispatch/middleware/show_exceptions.rb:30:in `call'
  railties (4.1.0) lib/rails/rack/logger.rb:38:in `call_app'
  railties (4.1.0) lib/rails/rack/logger.rb:20:in `block in call'
  activesupport (4.1.0) lib/active_support/tagged_logging.rb:68:in `block in tagged'
  activesupport (4.1.0) lib/active_support/tagged_logging.rb:26:in `tagged'
  activesupport (4.1.0) lib/active_support/tagged_logging.rb:68:in `tagged'
  railties (4.1.0) lib/rails/rack/logger.rb:20:in `call'
  actionpack (4.1.0) lib/action_dispatch/middleware/request_id.rb:21:in `call'
  rack (1.5.2) lib/rack/methodoverride.rb:21:in `call'
  rack (1.5.2) lib/rack/runtime.rb:17:in `call'
  activesupport (4.1.0) lib/active_support/cache/strategy/local_cache_middleware.rb:26:in `call'
  rack (1.5.2) lib/rack/lock.rb:17:in `call'
  actionpack (4.1.0) lib/action_dispatch/middleware/static.rb:64:in `call'
  rack (1.5.2) lib/rack/sendfile.rb:112:in `call'
  railties (4.1.0) lib/rails/engine.rb:514:in `call'
  railties (4.1.0) lib/rails/application.rb:144:in `call'
  rack (1.5.2) lib/rack/lock.rb:17:in `call'
  rack (1.5.2) lib/rack/content_length.rb:14:in `call'
  rack (1.5.2) lib/rack/handler/webrick.rb:60:in `service'
  C:/Users/dhuff/RailsInstaller/Ruby1.9.3/lib/ruby/1.9.1/webrick/httpserver.rb:138:in `service'
  C:/Users/dhuff/RailsInstaller/Ruby1.9.3/lib/ruby/1.9.1/webrick/httpserver.rb:94:in `run'
  C:/Users/dhuff/RailsInstaller/Ruby1.9.3/lib/ruby/1.9.1/webrick/server.rb:191:in `block in start_thread'


  Rendered C:/Users/dhuff/RailsInstaller/Ruby1.9.3/lib/ruby/gems/1.9.1/gems/actionpack-4.1.0/lib/action_dispatch/middleware/templates/rescues/missing_template.html.erb within rescues/layout (16.0ms)


Started GET "/articles/new" for 127.0.0.1 at 2014-05-30 11:32:46 -0400
Processing by ArticlesController#new as HTML
  Rendered articles/new.html.erb within layouts/application (1.0ms)
Completed 200 OK in 24ms (Views: 23.0ms | ActiveRecord: 0.0ms)


Started GET "/assets/articles.css?body=1" for 127.0.0.1 at 2014-05-30 11:32:47 -0400


Started GET "/assets/jquery.js?body=1" for 127.0.0.1 at 2014-05-30 11:32:47 -0400


Started GET "/assets/welcome.css?body=1" for 127.0.0.1 at 2014-05-30 11:32:47 -0400


Started GET "/assets/jquery_ujs.js?body=1" for 127.0.0.1 at 2014-05-30 11:32:47 -0400


Started GET "/assets/application.css?body=1" for 127.0.0.1 at 2014-05-30 11:32:47 -0400


Started GET "/assets/turbolinks.js?body=1" for 127.0.0.1 at 2014-05-30 11:32:47 -0400


Started GET "/assets/articles.js?body=1" for 127.0.0.1 at 2014-05-30 11:32:47 -0400


Started GET "/assets/welcome.js?body=1" for 127.0.0.1 at 2014-05-30 11:32:47 -0400


Started GET "/assets/application.js?body=1" for 127.0.0.1 at 2014-05-30 11:32:47 -0400


Started GET "/articles/new" for 127.0.0.1 at 2014-05-30 12:23:31 -0400
Processing by ArticlesController#new as HTML
  Rendered articles/new.html.erb within layouts/application (70.0ms)
Completed 200 OK in 93ms (Views: 92.0ms | ActiveRecord: 0.0ms)


Started GET "/assets/articles.css?body=1" for 127.0.0.1 at 2014-05-30 12:23:31 -0400


Started GET "/assets/application.css?body=1" for 127.0.0.1 at 2014-05-30 12:23:31 -0400


Started GET "/assets/welcome.css?body=1" for 127.0.0.1 at 2014-05-30 12:23:31 -0400


Started GET "/assets/jquery.js?body=1" for 127.0.0.1 at 2014-05-30 12:23:31 -0400


Started GET "/assets/jquery_ujs.js?body=1" for 127.0.0.1 at 2014-05-30 12:23:31 -0400


Started GET "/assets/turbolinks.js?body=1" for 127.0.0.1 at 2014-05-30 12:23:31 -0400


Started GET "/assets/articles.js?body=1" for 127.0.0.1 at 2014-05-30 12:23:31 -0400


Started GET "/assets/welcome.js?body=1" for 127.0.0.1 at 2014-05-30 12:23:31 -0400


Started GET "/assets/application.js?body=1" for 127.0.0.1 at 2014-05-30 12:23:31 -0400


Started GET "/articles/new" for 127.0.0.1 at 2014-05-30 12:28:05 -0400
Processing by ArticlesController#new as HTML
  Rendered articles/new.html.erb within layouts/application (3.0ms)
Completed 200 OK in 28ms (Views: 27.0ms | ActiveRecord: 0.0ms)


Started GET "/assets/articles.css?body=1" for 127.0.0.1 at 2014-05-30 12:28:05 -0400


Started GET "/assets/welcome.css?body=1" for 127.0.0.1 at 2014-05-30 12:28:05 -0400


Started GET "/assets/jquery.js?body=1" for 127.0.0.1 at 2014-05-30 12:28:05 -0400


Started GET "/assets/application.css?body=1" for 127.0.0.1 at 2014-05-30 12:28:05 -0400


Started GET "/assets/jquery_ujs.js?body=1" for 127.0.0.1 at 2014-05-30 12:28:05 -0400


Started GET "/assets/turbolinks.js?body=1" for 127.0.0.1 at 2014-05-30 12:28:05 -0400


Started GET "/assets/articles.js?body=1" for 127.0.0.1 at 2014-05-30 12:28:05 -0400


Started GET "/assets/welcome.js?body=1" for 127.0.0.1 at 2014-05-30 12:28:05 -0400


Started GET "/assets/application.js?body=1" for 127.0.0.1 at 2014-05-30 12:28:05 -0400


Started POST "/articles" for 127.0.0.1 at 2014-05-30 12:28:22 -0400

AbstractController::ActionNotFound (The action 'create' could not be found for ArticlesController):
  actionpack (4.1.0) lib/abstract_controller/base.rb:131:in `process'
  actionview (4.1.0) lib/action_view/rendering.rb:30:in `process'
  actionpack (4.1.0) lib/action_controller/metal.rb:195:in `dispatch'
  actionpack (4.1.0) lib/action_controller/metal/rack_delegation.rb:13:in `dispatch'
  actionpack (4.1.0) lib/action_controller/metal.rb:231:in `block in action'
  actionpack (4.1.0) lib/action_dispatch/routing/route_set.rb:80:in `call'
  actionpack (4.1.0) lib/action_dispatch/routing/route_set.rb:80:in `dispatch'
  actionpack (4.1.0) lib/action_dispatch/routing/route_set.rb:48:in `call'
  actionpack (4.1.0) lib/action_dispatch/journey/router.rb:71:in `block in call'
  actionpack (4.1.0) lib/action_dispatch/journey/router.rb:59:in `each'
  actionpack (4.1.0) lib/action_dispatch/journey/router.rb:59:in `call'
  actionpack (4.1.0) lib/action_dispatch/routing/route_set.rb:676:in `call'
  rack (1.5.2) lib/rack/etag.rb:23:in `call'
  rack (1.5.2) lib/rack/conditionalget.rb:35:in `call'
  rack (1.5.2) lib/rack/head.rb:11:in `call'
  actionpack (4.1.0) lib/action_dispatch/middleware/params_parser.rb:27:in `call'
  actionpack (4.1.0) lib/action_dispatch/middleware/flash.rb:254:in `call'
  rack (1.5.2) lib/rack/session/abstract/id.rb:225:in `context'
  rack (1.5.2) lib/rack/session/abstract/id.rb:220:in `call'
  actionpack (4.1.0) lib/action_dispatch/middleware/cookies.rb:560:in `call'
  activerecord (4.1.0) lib/active_record/query_cache.rb:36:in `call'
  activerecord (4.1.0) lib/active_record/connection_adapters/abstract/connection_pool.rb:621:in `call'
  activerecord (4.1.0) lib/active_record/migration.rb:380:in `call'
  actionpack (4.1.0) lib/action_dispatch/middleware/callbacks.rb:29:in `block in call'
  activesupport (4.1.0) lib/active_support/callbacks.rb:82:in `run_callbacks'
  actionpack (4.1.0) lib/action_dispatch/middleware/callbacks.rb:27:in `call'
  actionpack (4.1.0) lib/action_dispatch/middleware/reloader.rb:73:in `call'
  actionpack (4.1.0) lib/action_dispatch/middleware/remote_ip.rb:76:in `call'
  actionpack (4.1.0) lib/action_dispatch/middleware/debug_exceptions.rb:17:in `call'
  actionpack (4.1.0) lib/action_dispatch/middleware/show_exceptions.rb:30:in `call'
  railties (4.1.0) lib/rails/rack/logger.rb:38:in `call_app'
  railties (4.1.0) lib/rails/rack/logger.rb:20:in `block in call'
  activesupport (4.1.0) lib/active_support/tagged_logging.rb:68:in `block in tagged'
  activesupport (4.1.0) lib/active_support/tagged_logging.rb:26:in `tagged'
  activesupport (4.1.0) lib/active_support/tagged_logging.rb:68:in `tagged'
  railties (4.1.0) lib/rails/rack/logger.rb:20:in `call'
  actionpack (4.1.0) lib/action_dispatch/middleware/request_id.rb:21:in `call'
  rack (1.5.2) lib/rack/methodoverride.rb:21:in `call'
  rack (1.5.2) lib/rack/runtime.rb:17:in `call'
  activesupport (4.1.0) lib/active_support/cache/strategy/local_cache_middleware.rb:26:in `call'
  rack (1.5.2) lib/rack/lock.rb:17:in `call'
  actionpack (4.1.0) lib/action_dispatch/middleware/static.rb:64:in `call'
  rack (1.5.2) lib/rack/sendfile.rb:112:in `call'
  railties (4.1.0) lib/rails/engine.rb:514:in `call'
  railties (4.1.0) lib/rails/application.rb:144:in `call'
  rack (1.5.2) lib/rack/lock.rb:17:in `call'
  rack (1.5.2) lib/rack/content_length.rb:14:in `call'
  rack (1.5.2) lib/rack/handler/webrick.rb:60:in `service'
  C:/Users/dhuff/RailsInstaller/Ruby1.9.3/lib/ruby/1.9.1/webrick/httpserver.rb:138:in `service'
  C:/Users/dhuff/RailsInstaller/Ruby1.9.3/lib/ruby/1.9.1/webrick/httpserver.rb:94:in `run'
  C:/Users/dhuff/RailsInstaller/Ruby1.9.3/lib/ruby/1.9.1/webrick/server.rb:191:in `block in start_thread'


  Rendered C:/Users/dhuff/RailsInstaller/Ruby1.9.3/lib/ruby/gems/1.9.1/gems/actionpack-4.1.0/lib/action_dispatch/middleware/templates/rescues/unknown_action.html.erb within rescues/layout (1.0ms)


Started POST "/articles" for 127.0.0.1 at 2014-05-30 12:30:50 -0400
Processing by ArticlesController#create as HTML
  Parameters: {"utf8"=>"✓", "authenticity_token"=>"7K6KoYVt0PhNWRA9PHH3lFO7/Vp9M/XiNR81WEU3ymI=", "article"=>{"totle"=>"myblog", "text"=>"text text and more text"}, "commit"=>"Save Article"}
Completed 500 Internal Server Error in 6ms

ActionView::MissingTemplate (Missing template articles/create, application/create with {:locale=>[:en], :formats=>[:html], :variants=>[], :handlers=>[:erb, :builder, :raw, :ruby, :jbuilder, :coffee]}. Searched in:
  * "C:/Sites/tlRoRPrecourseBlog/app/views"
):
  actionview (4.1.0) lib/action_view/path_set.rb:46:in `find'
  actionview (4.1.0) lib/action_view/lookup_context.rb:124:in `find'
  C:in `find_template'
  actionview (4.1.0) lib/action_view/renderer/template_renderer.rb:41:in `determine_template'
  actionview (4.1.0) lib/action_view/renderer/template_renderer.rb:8:in `render'
  actionview (4.1.0) lib/action_view/renderer/renderer.rb:42:in `render_template'
  actionview (4.1.0) lib/action_view/renderer/renderer.rb:23:in `render'
  actionview (4.1.0) lib/action_view/rendering.rb:99:in `_render_template'
  actionpack (4.1.0) lib/action_controller/metal/streaming.rb:217:in `_render_template'
  actionview (4.1.0) lib/action_view/rendering.rb:82:in `render_to_body'
  actionpack (4.1.0) lib/action_controller/metal/rendering.rb:32:in `render_to_body'
  actionpack (4.1.0) lib/action_controller/metal/renderers.rb:32:in `render_to_body'
  actionpack (4.1.0) lib/abstract_controller/rendering.rb:25:in `render'
  actionpack (4.1.0) lib/action_controller/metal/rendering.rb:16:in `render'
  actionpack (4.1.0) lib/action_controller/metal/instrumentation.rb:41:in `block (2 levels) in render'
  activesupport (4.1.0) lib/active_support/core_ext/benchmark.rb:12:in `block in ms'
  C:/Users/dhuff/RailsInstaller/Ruby1.9.3/lib/ruby/1.9.1/benchmark.rb:295:in `realtime'
  activesupport (4.1.0) lib/active_support/core_ext/benchmark.rb:12:in `ms'
  actionpack (4.1.0) lib/action_controller/metal/instrumentation.rb:41:in `block in render'
  actionpack (4.1.0) lib/action_controller/metal/instrumentation.rb:84:in `cleanup_view_runtime'
  activerecord (4.1.0) lib/active_record/railties/controller_runtime.rb:25:in `cleanup_view_runtime'
  actionpack (4.1.0) lib/action_controller/metal/instrumentation.rb:40:in `render'
  actionpack (4.1.0) lib/action_controller/metal/implicit_render.rb:10:in `default_render'
  actionpack (4.1.0) lib/action_controller/metal/implicit_render.rb:5:in `send_action'
  actionpack (4.1.0) lib/abstract_controller/base.rb:189:in `process_action'
  actionpack (4.1.0) lib/action_controller/metal/rendering.rb:10:in `process_action'
  actionpack (4.1.0) lib/abstract_controller/callbacks.rb:20:in `block in process_action'
  activesupport (4.1.0) lib/active_support/callbacks.rb:113:in `call'
  activesupport (4.1.0) lib/active_support/callbacks.rb:113:in `call'
  activesupport (4.1.0) lib/active_support/callbacks.rb:229:in `block in halting'
  activesupport (4.1.0) lib/active_support/callbacks.rb:229:in `call'
  activesupport (4.1.0) lib/active_support/callbacks.rb:229:in `block in halting'
  activesupport (4.1.0) lib/active_support/callbacks.rb:166:in `call'
  activesupport (4.1.0) lib/active_support/callbacks.rb:166:in `block in halting'
  activesupport (4.1.0) lib/active_support/callbacks.rb:166:in `call'
  activesupport (4.1.0) lib/active_support/callbacks.rb:166:in `block in halting'
  activesupport (4.1.0) lib/active_support/callbacks.rb:166:in `call'
  activesupport (4.1.0) lib/active_support/callbacks.rb:166:in `block in halting'
  activesupport (4.1.0) lib/active_support/callbacks.rb:86:in `call'
  activesupport (4.1.0) lib/active_support/callbacks.rb:86:in `run_callbacks'
  actionpack (4.1.0) lib/abstract_controller/callbacks.rb:19:in `process_action'
  actionpack (4.1.0) lib/action_controller/metal/rescue.rb:29:in `process_action'
  actionpack (4.1.0) lib/action_controller/metal/instrumentation.rb:31:in `block in process_action'
  activesupport (4.1.0) lib/active_support/notifications.rb:159:in `block in instrument'
  activesupport (4.1.0) lib/active_support/notifications/instrumenter.rb:20:in `instrument'
  activesupport (4.1.0) lib/active_support/notifications.rb:159:in `instrument'
  actionpack (4.1.0) lib/action_controller/metal/instrumentation.rb:30:in `process_action'
  actionpack (4.1.0) lib/action_controller/metal/params_wrapper.rb:250:in `process_action'
  activerecord (4.1.0) lib/active_record/railties/controller_runtime.rb:18:in `process_action'
  actionpack (4.1.0) lib/abstract_controller/base.rb:136:in `process'
  actionview (4.1.0) lib/action_view/rendering.rb:30:in `process'
  actionpack (4.1.0) lib/action_controller/metal.rb:195:in `dispatch'
  actionpack (4.1.0) lib/action_controller/metal/rack_delegation.rb:13:in `dispatch'
  actionpack (4.1.0) lib/action_controller/metal.rb:231:in `block in action'
  actionpack (4.1.0) lib/action_dispatch/routing/route_set.rb:80:in `call'
  actionpack (4.1.0) lib/action_dispatch/routing/route_set.rb:80:in `dispatch'
  actionpack (4.1.0) lib/action_dispatch/routing/route_set.rb:48:in `call'
  actionpack (4.1.0) lib/action_dispatch/journey/router.rb:71:in `block in call'
  actionpack (4.1.0) lib/action_dispatch/journey/router.rb:59:in `each'
  actionpack (4.1.0) lib/action_dispatch/journey/router.rb:59:in `call'
  actionpack (4.1.0) lib/action_dispatch/routing/route_set.rb:676:in `call'
  rack (1.5.2) lib/rack/etag.rb:23:in `call'
  rack (1.5.2) lib/rack/conditionalget.rb:35:in `call'
  rack (1.5.2) lib/rack/head.rb:11:in `call'
  actionpack (4.1.0) lib/action_dispatch/middleware/params_parser.rb:27:in `call'
  actionpack (4.1.0) lib/action_dispatch/middleware/flash.rb:254:in `call'
  rack (1.5.2) lib/rack/session/abstract/id.rb:225:in `context'
  rack (1.5.2) lib/rack/session/abstract/id.rb:220:in `call'
  actionpack (4.1.0) lib/action_dispatch/middleware/cookies.rb:560:in `call'
  activerecord (4.1.0) lib/active_record/query_cache.rb:36:in `call'
  activerecord (4.1.0) lib/active_record/connection_adapters/abstract/connection_pool.rb:621:in `call'
  activerecord (4.1.0) lib/active_record/migration.rb:380:in `call'
  actionpack (4.1.0) lib/action_dispatch/middleware/callbacks.rb:29:in `block in call'
  activesupport (4.1.0) lib/active_support/callbacks.rb:82:in `run_callbacks'
  actionpack (4.1.0) lib/action_dispatch/middleware/callbacks.rb:27:in `call'
  actionpack (4.1.0) lib/action_dispatch/middleware/reloader.rb:73:in `call'
  actionpack (4.1.0) lib/action_dispatch/middleware/remote_ip.rb:76:in `call'
  actionpack (4.1.0) lib/action_dispatch/middleware/debug_exceptions.rb:17:in `call'
  actionpack (4.1.0) lib/action_dispatch/middleware/show_exceptions.rb:30:in `call'
  railties (4.1.0) lib/rails/rack/logger.rb:38:in `call_app'
  railties (4.1.0) lib/rails/rack/logger.rb:20:in `block in call'
  activesupport (4.1.0) lib/active_support/tagged_logging.rb:68:in `block in tagged'
  activesupport (4.1.0) lib/active_support/tagged_logging.rb:26:in `tagged'
  activesupport (4.1.0) lib/active_support/tagged_logging.rb:68:in `tagged'
  railties (4.1.0) lib/rails/rack/logger.rb:20:in `call'
  actionpack (4.1.0) lib/action_dispatch/middleware/request_id.rb:21:in `call'
  rack (1.5.2) lib/rack/methodoverride.rb:21:in `call'
  rack (1.5.2) lib/rack/runtime.rb:17:in `call'
  activesupport (4.1.0) lib/active_support/cache/strategy/local_cache_middleware.rb:26:in `call'
  rack (1.5.2) lib/rack/lock.rb:17:in `call'
  actionpack (4.1.0) lib/action_dispatch/middleware/static.rb:64:in `call'
  rack (1.5.2) lib/rack/sendfile.rb:112:in `call'
  railties (4.1.0) lib/rails/engine.rb:514:in `call'
  railties (4.1.0) lib/rails/application.rb:144:in `call'
  rack (1.5.2) lib/rack/lock.rb:17:in `call'
  rack (1.5.2) lib/rack/content_length.rb:14:in `call'
  rack (1.5.2) lib/rack/handler/webrick.rb:60:in `service'
  C:/Users/dhuff/RailsInstaller/Ruby1.9.3/lib/ruby/1.9.1/webrick/httpserver.rb:138:in `service'
  C:/Users/dhuff/RailsInstaller/Ruby1.9.3/lib/ruby/1.9.1/webrick/httpserver.rb:94:in `run'
  C:/Users/dhuff/RailsInstaller/Ruby1.9.3/lib/ruby/1.9.1/webrick/server.rb:191:in `block in start_thread'


  Rendered C:/Users/dhuff/RailsInstaller/Ruby1.9.3/lib/ruby/gems/1.9.1/gems/actionpack-4.1.0/lib/action_dispatch/middleware/templates/rescues/missing_template.html.erb within rescues/layout (0.0ms)


Started POST "/articles" for 127.0.0.1 at 2014-05-30 12:32:50 -0400
Processing by ArticlesController#create as HTML
  Parameters: {"utf8"=>"✓", "authenticity_token"=>"7K6KoYVt0PhNWRA9PHH3lFO7/Vp9M/XiNR81WEU3ymI=", "article"=>{"totle"=>"myblog", "text"=>"text text and more text"}, "commit"=>"Save Article"}
Completed 500 Internal Server Error in 5ms

NameError (undefined local variable or method `arams' for #<ArticlesController:0x4a90ee0>):
  app/controllers/articles_controller.rb:12:in `create'


  Rendered C:/Users/dhuff/RailsInstaller/Ruby1.9.3/lib/ruby/gems/1.9.1/gems/actionpack-4.1.0/lib/action_dispatch/middleware/templates/rescues/_source.erb (1.0ms)
  Rendered C:/Users/dhuff/RailsInstaller/Ruby1.9.3/lib/ruby/gems/1.9.1/gems/actionpack-4.1.0/lib/action_dispatch/middleware/templates/rescues/_trace.html.erb (1.0ms)
  Rendered C:/Users/dhuff/RailsInstaller/Ruby1.9.3/lib/ruby/gems/1.9.1/gems/actionpack-4.1.0/lib/action_dispatch/middleware/templates/rescues/_request_and_response.html.erb (1.0ms)
  Rendered C:/Users/dhuff/RailsInstaller/Ruby1.9.3/lib/ruby/gems/1.9.1/gems/actionpack-4.1.0/lib/action_dispatch/middleware/templates/rescues/diagnostics.erb within rescues/layout (110.0ms)


Started POST "/articles" for 127.0.0.1 at 2014-05-30 12:33:12 -0400
Processing by ArticlesController#create as HTML
  Parameters: {"utf8"=>"✓", "authenticity_token"=>"7K6KoYVt0PhNWRA9PHH3lFO7/Vp9M/XiNR81WEU3ymI=", "article"=>{"totle"=>"myblog", "text"=>"text text and more text"}, "commit"=>"Save Article"}
  Rendered text template (0.0ms)
Completed 200 OK in 11ms (Views: 10.0ms | ActiveRecord: 0.0ms)


Started POST "/articles" for 127.0.0.1 at 2014-05-30 12:33:40 -0400
Processing by ArticlesController#create as HTML
  Parameters: {"utf8"=>"✓", "authenticity_token"=>"7K6KoYVt0PhNWRA9PHH3lFO7/Vp9M/XiNR81WEU3ymI=", "article"=>{"totle"=>"myblog", "text"=>"text text and more text"}, "commit"=>"Save Article"}
Completed 500 Internal Server Error in 6ms

ActionView::MissingTemplate (Missing template articles/create, application/create with {:locale=>[:en], :formats=>[:html], :variants=>[], :handlers=>[:erb, :builder, :raw, :ruby, :jbuilder, :coffee]}. Searched in:
  * "C:/Sites/tlRoRPrecourseBlog/app/views"
):
  actionview (4.1.0) lib/action_view/path_set.rb:46:in `find'
  actionview (4.1.0) lib/action_view/lookup_context.rb:124:in `find'
  C:in `find_template'
  actionview (4.1.0) lib/action_view/renderer/template_renderer.rb:41:in `determine_template'
  actionview (4.1.0) lib/action_view/renderer/template_renderer.rb:8:in `render'
  actionview (4.1.0) lib/action_view/renderer/renderer.rb:42:in `render_template'
  actionview (4.1.0) lib/action_view/renderer/renderer.rb:23:in `render'
  actionview (4.1.0) lib/action_view/rendering.rb:99:in `_render_template'
  actionpack (4.1.0) lib/action_controller/metal/streaming.rb:217:in `_render_template'
  actionview (4.1.0) lib/action_view/rendering.rb:82:in `render_to_body'
  actionpack (4.1.0) lib/action_controller/metal/rendering.rb:32:in `render_to_body'
  actionpack (4.1.0) lib/action_controller/metal/renderers.rb:32:in `render_to_body'
  actionpack (4.1.0) lib/abstract_controller/rendering.rb:25:in `render'
  actionpack (4.1.0) lib/action_controller/metal/rendering.rb:16:in `render'
  actionpack (4.1.0) lib/action_controller/metal/instrumentation.rb:41:in `block (2 levels) in render'
  activesupport (4.1.0) lib/active_support/core_ext/benchmark.rb:12:in `block in ms'
  C:/Users/dhuff/RailsInstaller/Ruby1.9.3/lib/ruby/1.9.1/benchmark.rb:295:in `realtime'
  activesupport (4.1.0) lib/active_support/core_ext/benchmark.rb:12:in `ms'
  actionpack (4.1.0) lib/action_controller/metal/instrumentation.rb:41:in `block in render'
  actionpack (4.1.0) lib/action_controller/metal/instrumentation.rb:84:in `cleanup_view_runtime'
  activerecord (4.1.0) lib/active_record/railties/controller_runtime.rb:25:in `cleanup_view_runtime'
  actionpack (4.1.0) lib/action_controller/metal/instrumentation.rb:40:in `render'
  actionpack (4.1.0) lib/action_controller/metal/implicit_render.rb:10:in `default_render'
  actionpack (4.1.0) lib/action_controller/metal/implicit_render.rb:5:in `send_action'
  actionpack (4.1.0) lib/abstract_controller/base.rb:189:in `process_action'
  actionpack (4.1.0) lib/action_controller/metal/rendering.rb:10:in `process_action'
  actionpack (4.1.0) lib/abstract_controller/callbacks.rb:20:in `block in process_action'
  activesupport (4.1.0) lib/active_support/callbacks.rb:113:in `call'
  activesupport (4.1.0) lib/active_support/callbacks.rb:113:in `call'
  activesupport (4.1.0) lib/active_support/callbacks.rb:229:in `block in halting'
  activesupport (4.1.0) lib/active_support/callbacks.rb:229:in `call'
  activesupport (4.1.0) lib/active_support/callbacks.rb:229:in `block in halting'
  activesupport (4.1.0) lib/active_support/callbacks.rb:166:in `call'
  activesupport (4.1.0) lib/active_support/callbacks.rb:166:in `block in halting'
  activesupport (4.1.0) lib/active_support/callbacks.rb:166:in `call'
  activesupport (4.1.0) lib/active_support/callbacks.rb:166:in `block in halting'
  activesupport (4.1.0) lib/active_support/callbacks.rb:166:in `call'
  activesupport (4.1.0) lib/active_support/callbacks.rb:166:in `block in halting'
  activesupport (4.1.0) lib/active_support/callbacks.rb:86:in `call'
  activesupport (4.1.0) lib/active_support/callbacks.rb:86:in `run_callbacks'
  actionpack (4.1.0) lib/abstract_controller/callbacks.rb:19:in `process_action'
  actionpack (4.1.0) lib/action_controller/metal/rescue.rb:29:in `process_action'
  actionpack (4.1.0) lib/action_controller/metal/instrumentation.rb:31:in `block in process_action'
  activesupport (4.1.0) lib/active_support/notifications.rb:159:in `block in instrument'
  activesupport (4.1.0) lib/active_support/notifications/instrumenter.rb:20:in `instrument'
  activesupport (4.1.0) lib/active_support/notifications.rb:159:in `instrument'
  actionpack (4.1.0) lib/action_controller/metal/instrumentation.rb:30:in `process_action'
  actionpack (4.1.0) lib/action_controller/metal/params_wrapper.rb:250:in `process_action'
  activerecord (4.1.0) lib/active_record/railties/controller_runtime.rb:18:in `process_action'
  actionpack (4.1.0) lib/abstract_controller/base.rb:136:in `process'
  actionview (4.1.0) lib/action_view/rendering.rb:30:in `process'
  actionpack (4.1.0) lib/action_controller/metal.rb:195:in `dispatch'
  actionpack (4.1.0) lib/action_controller/metal/rack_delegation.rb:13:in `dispatch'
  actionpack (4.1.0) lib/action_controller/metal.rb:231:in `block in action'
  actionpack (4.1.0) lib/action_dispatch/routing/route_set.rb:80:in `call'
  actionpack (4.1.0) lib/action_dispatch/routing/route_set.rb:80:in `dispatch'
  actionpack (4.1.0) lib/action_dispatch/routing/route_set.rb:48:in `call'
  actionpack (4.1.0) lib/action_dispatch/journey/router.rb:71:in `block in call'
  actionpack (4.1.0) lib/action_dispatch/journey/router.rb:59:in `each'
  actionpack (4.1.0) lib/action_dispatch/journey/router.rb:59:in `call'
  actionpack (4.1.0) lib/action_dispatch/routing/route_set.rb:676:in `call'
  rack (1.5.2) lib/rack/etag.rb:23:in `call'
  rack (1.5.2) lib/rack/conditionalget.rb:35:in `call'
  rack (1.5.2) lib/rack/head.rb:11:in `call'
  actionpack (4.1.0) lib/action_dispatch/middleware/params_parser.rb:27:in `call'
  actionpack (4.1.0) lib/action_dispatch/middleware/flash.rb:254:in `call'
  rack (1.5.2) lib/rack/session/abstract/id.rb:225:in `context'
  rack (1.5.2) lib/rack/session/abstract/id.rb:220:in `call'
  actionpack (4.1.0) lib/action_dispatch/middleware/cookies.rb:560:in `call'
  activerecord (4.1.0) lib/active_record/query_cache.rb:36:in `call'
  activerecord (4.1.0) lib/active_record/connection_adapters/abstract/connection_pool.rb:621:in `call'
  activerecord (4.1.0) lib/active_record/migration.rb:380:in `call'
  actionpack (4.1.0) lib/action_dispatch/middleware/callbacks.rb:29:in `block in call'
  activesupport (4.1.0) lib/active_support/callbacks.rb:82:in `run_callbacks'
  actionpack (4.1.0) lib/action_dispatch/middleware/callbacks.rb:27:in `call'
  actionpack (4.1.0) lib/action_dispatch/middleware/reloader.rb:73:in `call'
  actionpack (4.1.0) lib/action_dispatch/middleware/remote_ip.rb:76:in `call'
  actionpack (4.1.0) lib/action_dispatch/middleware/debug_exceptions.rb:17:in `call'
  actionpack (4.1.0) lib/action_dispatch/middleware/show_exceptions.rb:30:in `call'
  railties (4.1.0) lib/rails/rack/logger.rb:38:in `call_app'
  railties (4.1.0) lib/rails/rack/logger.rb:20:in `block in call'
  activesupport (4.1.0) lib/active_support/tagged_logging.rb:68:in `block in tagged'
  activesupport (4.1.0) lib/active_support/tagged_logging.rb:26:in `tagged'
  activesupport (4.1.0) lib/active_support/tagged_logging.rb:68:in `tagged'
  railties (4.1.0) lib/rails/rack/logger.rb:20:in `call'
  actionpack (4.1.0) lib/action_dispatch/middleware/request_id.rb:21:in `call'
  rack (1.5.2) lib/rack/methodoverride.rb:21:in `call'
  rack (1.5.2) lib/rack/runtime.rb:17:in `call'
  activesupport (4.1.0) lib/active_support/cache/strategy/local_cache_middleware.rb:26:in `call'
  rack (1.5.2) lib/rack/lock.rb:17:in `call'
  actionpack (4.1.0) lib/action_dispatch/middleware/static.rb:64:in `call'
  rack (1.5.2) lib/rack/sendfile.rb:112:in `call'
  railties (4.1.0) lib/rails/engine.rb:514:in `call'
  railties (4.1.0) lib/rails/application.rb:144:in `call'
  rack (1.5.2) lib/rack/lock.rb:17:in `call'
  rack (1.5.2) lib/rack/content_length.rb:14:in `call'
  rack (1.5.2) lib/rack/handler/webrick.rb:60:in `service'
  C:/Users/dhuff/RailsInstaller/Ruby1.9.3/lib/ruby/1.9.1/webrick/httpserver.rb:138:in `service'
  C:/Users/dhuff/RailsInstaller/Ruby1.9.3/lib/ruby/1.9.1/webrick/httpserver.rb:94:in `run'
  C:/Users/dhuff/RailsInstaller/Ruby1.9.3/lib/ruby/1.9.1/webrick/server.rb:191:in `block in start_thread'


  Rendered C:/Users/dhuff/RailsInstaller/Ruby1.9.3/lib/ruby/gems/1.9.1/gems/actionpack-4.1.0/lib/action_dispatch/middleware/templates/rescues/missing_template.html.erb within rescues/layout (0.0ms)
  [1m[36mActiveRecord::SchemaMigration Load (0.0ms)[0m  [1mSELECT "schema_migrations".* FROM "schema_migrations"[0m
Migrating to CreateArticles (20140530164035)
  [1m[35m (1.0ms)[0m  begin transaction
  [1m[36m (1.0ms)[0m  [1mCREATE TABLE "articles" ("id" INTEGER PRIMARY KEY AUTOINCREMENT NOT NULL, "title" varchar(255), "text" text, "created_at" datetime, "updated_at" datetime) [0m
SQLite3::SQLException: table "articles" already exists: CREATE TABLE "articles" ("id" INTEGER PRIMARY KEY AUTOINCREMENT NOT NULL, "title" varchar(255), "text" text, "created_at" datetime, "updated_at" datetime) 
  [1m[35m (0.0ms)[0m  rollback transaction
  [1m[36mActiveRecord::SchemaMigration Load (1.0ms)[0m  [1mSELECT "schema_migrations".* FROM "schema_migrations"[0m
Migrating to CreateArticles (20140530164035)
  [1m[35m (0.0ms)[0m  begin transaction
  [1m[36m (0.0ms)[0m  [1mCREATE TABLE "articles" ("id" INTEGER PRIMARY KEY AUTOINCREMENT NOT NULL, "title" varchar(255), "text" text, "created_at" datetime, "updated_at" datetime) [0m
SQLite3::SQLException: table "articles" already exists: CREATE TABLE "articles" ("id" INTEGER PRIMARY KEY AUTOINCREMENT NOT NULL, "title" varchar(255), "text" text, "created_at" datetime, "updated_at" datetime) 
  [1m[35m (0.0ms)[0m  rollback transaction
  [1m[36mActiveRecord::SchemaMigration Load (0.0ms)[0m  [1mSELECT "schema_migrations".* FROM "schema_migrations"[0m
Migrating to CreateArticles (20140530164035)
  [1m[35m (0.0ms)[0m  begin transaction
  [1m[36m (0.0ms)[0m  [1mCREATE TABLE "articles" ("id" INTEGER PRIMARY KEY AUTOINCREMENT NOT NULL, "title" varchar(255), "text" text, "created_at" datetime, "updated_at" datetime) [0m
SQLite3::SQLException: table "articles" already exists: CREATE TABLE "articles" ("id" INTEGER PRIMARY KEY AUTOINCREMENT NOT NULL, "title" varchar(255), "text" text, "created_at" datetime, "updated_at" datetime) 
  [1m[35m (1.0ms)[0m  rollback transaction
  [1m[36mActiveRecord::SchemaMigration Load (0.0ms)[0m  [1mSELECT "schema_migrations".* FROM "schema_migrations"[0m
Migrating to DropArticlesTable (20140530165119)
  [1m[35m (0.0ms)[0m  begin transaction
  [1m[36m (0.0ms)[0m  [1mDROP TABLE "articless"[0m
SQLite3::SQLException: no such table: articless: DROP TABLE "articless"
  [1m[35m (0.0ms)[0m  rollback transaction
  [1m[36mActiveRecord::SchemaMigration Load (0.0ms)[0m  [1mSELECT "schema_migrations".* FROM "schema_migrations"[0m
Migrating to DropArticlesTable (20140530165119)
  [1m[35m (1.0ms)[0m  begin transaction
  [1m[36m (1.0ms)[0m  [1mDROP TABLE "articles"[0m
  [1m[35mSQL (0.0ms)[0m  INSERT INTO "schema_migrations" ("version") VALUES (?)  [["version", "20140530165119"]]
  [1m[36m (256.0ms)[0m  [1mcommit transaction[0m
  [1m[35mActiveRecord::SchemaMigration Load (1.0ms)[0m  SELECT "schema_migrations".* FROM "schema_migrations"
  [1m[36mActiveRecord::SchemaMigration Load (0.0ms)[0m  [1mSELECT "schema_migrations".* FROM "schema_migrations"[0m
